

***********************************************************************
Fatal NI connect error 12518, connecting to:
 (DESCRIPTION=(ADDRESS=(PROTOCOL=TCP)(HOST=124.153.73.21)(PORT=1521))(CONNECT_DATA=(SID=UPASSDB)(CID=(PROGRAM=E:\oracle\product\10.2.0\db_1\bin\sqlldr.exe)(HOST=VR013)(USER=admin))))

  VERSION INFORMATION:
	TNS for 32-bit Windows: Version 10.2.0.1.0 - Production
	Windows NT TCP/IP NT Protocol Adapter for 32-bit Windows: Version 10.2.0.1.0 - Production
  Time: 09-MAR-2018 16:02:17
  Tracing not turned on.
  Tns error struct:
    ns main err code: 12564
    TNS-12564: TNS:connection refused
    ns secondary err code: 0
    nt main err code: 0
    nt secondary err code: 0
    nt OS err code: 0


***********************************************************************
Fatal NI connect error 12518, connecting to:
 (DESCRIPTION=(ADDRESS=(PROTOCOL=TCP)(HOST=124.153.73.21)(PORT=1521))(CONNECT_DATA=(SID=UPASSDB)(CID=(PROGRAM=E:\oracle\product\10.2.0\db_1\bin\sqlldr.exe)(HOST=VR013)(USER=admin))))

  VERSION INFORMATION:
	TNS for 32-bit Windows: Version 10.2.0.1.0 - Production
	Windows NT TCP/IP NT Protocol Adapter for 32-bit Windows: Version 10.2.0.1.0 - Production
  Time: 09-MAR-2018 16:03:35
  Tracing not turned on.
  Tns error struct:
    ns main err code: 12564
    TNS-12564: TNS:connection refused
    ns secondary err code: 0
    nt main err code: 0
    nt secondary err code: 0
    nt OS err code: 0


***********************************************************************
Fatal NI connect error 12518, connecting to:
 (DESCRIPTION=(ADDRESS=(PROTOCOL=TCP)(HOST=124.153.73.21)(PORT=1521))(CONNECT_DATA=(SID=UPASSDB)(CID=(PROGRAM=E:\oracle\product\10.2.0\db_1\bin\sqlldr.exe)(HOST=VR013)(USER=admin))))

  VERSION INFORMATION:
	TNS for 32-bit Windows: Version 10.2.0.1.0 - Production
	Windows NT TCP/IP NT Protocol Adapter for 32-bit Windows: Version 10.2.0.1.0 - Production
  Time: 09-MAR-2018 16:03:54
  Tracing not turned on.
  Tns error struct:
    ns main err code: 12564
    TNS-12564: TNS:connection refused
    ns secondary err code: 0
    nt main err code: 0
    nt secondary err code: 0
    nt OS err code: 0
